
[18:12:57.636] ------------------------------
[18:12:57.644] MelonLoader v0.7.2-ci.2341 Open-Beta
[18:12:57.645] OS: Windows 11
[18:12:57.646] Hash Code: 1F7B1C7542A1151E51B325DBF5F5832B13814DDE8A88E64D5296364C00D0B558
[18:12:57.646] ------------------------------
[18:12:57.646] Game Type: Il2cpp
[18:12:57.646] Game Arch: x64
[18:12:57.646] ------------------------------
[18:12:57.647] Command-Line: 
[18:12:57.647] ------------------------------
[18:12:57.647] Core::BasePath = C:\Program Files (x86)\Steam\steamapps\common\RUMBLE
[18:12:57.649] Game::BasePath = C:\Program Files (x86)\Steam\steamapps\common\RUMBLE
[18:12:57.649] Game::DataPath = C:\Program Files (x86)\Steam\steamapps\common\RUMBLE\RUMBLE_Data
[18:12:57.649] Game::ApplicationPath = C:\Program Files (x86)\Steam\steamapps\common\RUMBLE\RUMBLE.exe
[18:12:57.649] Runtime Type: net6
[18:12:57.933] ------------------------------
[18:12:57.934] Game Name: RUMBLE
[18:12:57.934] Game Developer: Buckethead Entertainment
[18:12:57.936] Unity Version: 6000.0.58f2
[18:12:57.936] Game Version: UNKNOWN
[18:12:57.936] ------------------------------

[18:13:00.075] Preferences Loaded!

[18:13:00.195] Loading UserLibs...
[18:13:01.731] ------------------------------
[18:13:01.738] Melon Assembly loaded: '.\UserLibs\NAudio.Core.dll'
[18:13:01.738] SHA256 Hash: 'FCF493FC47A2F478A65303886B975FBDBF714CBB1F2D79F7FCE97E4BB16B01A8'
[18:13:01.741] Melon Assembly loaded: '.\UserLibs\NAudio.dll'
[18:13:01.741] SHA256 Hash: '8BF0F2E8DADF3967757191C2212C269333CCD9D7E59839EEA968212C64787BE9'
[18:13:01.744] Melon Assembly loaded: '.\UserLibs\NAudio.WinMM.dll'
[18:13:01.745] SHA256 Hash: '749A01EBBB5EDD8B1A03C5263B04DE6ACADECF52E4CC84D7412BC6E93F180958'
[18:13:01.753] Melon Assembly loaded: '.\UserLibs\SharpGLTF.Core.dll'
[18:13:01.754] SHA256 Hash: '981D45ECD24265E0F2520989B4F7019E7B5D0C2B46CBFBD8C6DF8E36F5B65EC4'
[18:13:01.763] Melon Assembly loaded: '.\UserLibs\SharpGLTF.Toolkit.dll'
[18:13:01.763] SHA256 Hash: 'CCEB1C6E6E803F5A27B8C3C209E66D634F72F73948406BAA3FEF401C2ACBDE89'
[18:13:01.763] ------------------------------
[18:13:01.764] 0 UserLibs loaded.

[18:13:01.764] Loading Plugins...
[18:13:01.770] 0 Plugins loaded.

[18:13:04.560] Loading Il2CppAssemblyGenerator...
[18:13:04.746] [Il2CppAssemblyGenerator] Contacting RemoteAPI...
[18:13:05.023] [Il2CppAssemblyGenerator] RemoteAPI.DumperVersion = null
[18:13:05.024] [Il2CppAssemblyGenerator] RemoteAPI.ObfuscationRegex = [A-Z]{11}
[18:13:05.024] [Il2CppAssemblyGenerator] RemoteAPI.MappingURL = null
[18:13:05.024] [Il2CppAssemblyGenerator] RemoteAPI.MappingFileSHA512 = null
[18:13:05.029] [Il2CppAssemblyGenerator] Using Cpp2IL Version: 2022.1.0-pre-release.20
[18:13:05.029] [Il2CppAssemblyGenerator] Using Il2CppInterop Version = 1.5.1+dbaf825aab891ff1e1627bea691bde0a81d1ad98
[18:13:05.030] [Il2CppAssemblyGenerator] Using Unity Dependencies Version = 6000.0.58
[18:13:05.030] [Il2CppAssemblyGenerator] Using Deobfuscation Regex = [A-Z]{11}
[18:13:05.030] [Il2CppAssemblyGenerator] Cpp2IL is up to date.
[18:13:05.031] [Il2CppAssemblyGenerator] Cpp2IL.Plugin.StrippedCodeRegSupport is up to date.
[18:13:05.031] [Il2CppAssemblyGenerator] UnityDependencies is up to date.
[18:13:05.031] [Il2CppAssemblyGenerator] Checking GameAssembly...
[18:13:05.182] [Il2CppAssemblyGenerator] Assembly is up to date. No Generation Needed.

[18:13:05.183] Loading Mods...
[18:13:19.634] ------------------------------
[18:13:19.637] Melon Assembly loaded: '.\Mods\ArmSlider.dll'
[18:13:19.637] SHA256 Hash: 'B654453797E45ABDE2322CD661810BC69B126E71177AAAE6D0502CF54F6B9EB2'
[18:13:19.641] Melon Assembly loaded: '.\Mods\CustomAvatars.dll'
[18:13:19.641] SHA256 Hash: '34F7E3FA386EA3F395C5FADD63D71DF9D38F05D760B070BBA31F807F6DEA9676'
[18:13:19.645] Melon Assembly loaded: '.\Mods\CustomMultiplayerMaps.dll'
[18:13:19.645] SHA256 Hash: '0FDCC52F8F782093C43B1D3BB90FE777A0377C5A83FED4392302AADDFA615084'
[18:13:19.649] Melon Assembly loaded: '.\Mods\DamageNumbers.dll'
[18:13:19.649] SHA256 Hash: '3AA9804C284C06499AECAEEE9B0816BE7D2961B06BB06E1311BB42CED0D854A0'
[18:13:19.652] Melon Assembly loaded: '.\Mods\FlatLand.dll'
[18:13:19.653] SHA256 Hash: 'BB1B6B5CC696D3B601FB891875BA72AAD115F486252E57816C8548867A42559C'
[18:13:19.656] Melon Assembly loaded: '.\Mods\InGameClock.dll'
[18:13:19.657] SHA256 Hash: 'FF46B5AE9A1D6096D38DA0F858FCC7801616F0FA7FDC205B1C53D05E6C4145D8'
[18:13:19.660] Melon Assembly loaded: '.\Mods\InstantParkSearcher.dll'
[18:13:19.660] SHA256 Hash: '9337F2408775ADCD4B9669A3F0A0C5EBF790EFB82BF01F07DDDF34DE90FA3F98'
[18:13:19.663] Melon Assembly loaded: '.\Mods\LegacyCameraEnabler.dll'
[18:13:19.663] SHA256 Hash: '1CF888B612078DF8FD5B03C01C11534E3AA668D33FA3AF1FD4E8FE92E2DE6F58'
[18:13:19.666] Melon Assembly loaded: '.\Mods\LegacyCamRollFix.dll'
[18:13:19.667] SHA256 Hash: 'A71DA901B33C50795C728DDFF4DF02D7AD3E3216109361C1D16DB461FCA4AE90'
[18:13:19.670] Melon Assembly loaded: '.\Mods\LivEnvironmentHider.dll'
[18:13:19.670] SHA256 Hash: '461269144DE003DE402387818D9ADF3951EC064C5287B5387CAB22343C4B0A6F'
[18:13:19.673] Melon Assembly loaded: '.\Mods\MatchInfo.dll'
[18:13:19.673] SHA256 Hash: '478A1C61EC515E1E8C18B623A2083342391A8D0EC1BCFB48E1EB44C77A15E4A2'
[18:13:19.677] Melon Assembly loaded: '.\Mods\ModUI.dll'
[18:13:19.678] SHA256 Hash: 'A331CEA6049D190C92CA6717536347F95BAF125B9D34D671798EEE6B06D3D01B'
[18:13:19.681] Melon Assembly loaded: '.\Mods\MoreParkFriends.dll'
[18:13:19.681] SHA256 Hash: 'A925A9D0341C2416E707EB84EDF0BB427103A2A0B1FC29D4EDE3684F1CBAEDDE'
[18:13:19.683] Melon Assembly loaded: '.\Mods\MoreRanks.dll'
[18:13:19.685] SHA256 Hash: 'EB9E5F319CE2D9BB4D7ADF8FF365DA4CA3BFBB6F7F53BD080AA75ACEF66D41AB'
[18:13:19.688] Melon Assembly loaded: '.\Mods\MultiplayerMapsInSinglePlayer.dll'
[18:13:19.688] SHA256 Hash: '8FFA38DBCC983891119AAFBFC052B0A8CBF82B091E187FE0B512B7AB20C9D840'
[18:13:19.704] Melon Assembly loaded: '.\Mods\NameBending.dll'
[18:13:19.705] SHA256 Hash: 'E7FFED13F0A03810C0F431F3155C191CD2094A66738DB54C9F7C8AAD2068088A'
[18:13:19.708] Melon Assembly loaded: '.\Mods\PingDisplay.dll'
[18:13:19.709] SHA256 Hash: '9F4AA08DF03DF4DAB815E374ADEB84530564DCB9192A4CA34780E232A26381AB'
[18:13:19.712] Melon Assembly loaded: '.\Mods\RumbleHud.dll'
[18:13:19.712] SHA256 Hash: '97A4E3B84C5677A925518C9909FD804C33F938988ABE5F160BED6168849D0942'
[18:13:19.746] Melon Assembly loaded: '.\Mods\RumbleModdingAPI.dll'
[18:13:19.747] SHA256 Hash: '0268C29E62AB2D77BE4B61C87D391D9CB5077BA8EF9C609FEA7C1EA3769CAA43'
[18:13:19.754] Melon Assembly loaded: '.\Mods\RumbleTrees.dll'
[18:13:19.754] SHA256 Hash: '55C888D7039E71C116A7598EDC819EB0E9C2EBE858B89B9BFC8138FF4F5878BC'
[18:13:19.759] Melon Assembly loaded: '.\Mods\ScriptedLIVCam.dll'
[18:13:19.759] SHA256 Hash: '826D13AA9483FAB344923EC7EDCF33F6E012AAF333952FFFAE095831A8AD5FDC'
[18:13:19.762] Melon Assembly loaded: '.\Mods\SettingsUI.dll'
[18:13:19.762] SHA256 Hash: '8CE98CAC674DB55612427D85FA9E4E0445B8C443115A2768E9D33837F6E42822'
[18:13:19.766] Melon Assembly loaded: '.\Mods\Skins.dll'
[18:13:19.766] SHA256 Hash: '0E48DF18E14896D697D48623A17C76EC8C1076B7781D93BB2FFA60F9D9C76426'
[18:13:19.769] Melon Assembly loaded: '.\Mods\StuckReset.dll'
[18:13:19.769] SHA256 Hash: 'A123BF89F69CE7A95DB1160F34A210303A7D0E3082956415B3EA685DD2560171'
[18:13:19.772] Melon Assembly loaded: '.\Mods\tournamentScoring.dll'
[18:13:19.772] SHA256 Hash: '3EFE824C6932FA407E2781193A1634184563C84965E062C8BE20592CE74B9D32'
[18:13:19.776] Melon Assembly loaded: '.\Mods\VoidLand.dll'
[18:13:19.776] SHA256 Hash: 'CD0833A8F60E1A32720173466CC878A70F7B527C6A661766AA14065B0AA1869A'
[18:13:20.896] Failed to load 1 Melon from InGameClock.dll:
[18:13:20.897] Failed to load Melon 'InGameClock.main': Failed to create an instance of the Melon.
[18:13:20.897] System.Reflection.TargetInvocationException: Exception has been thrown by the target of an invocation.
 ---> System.IO.FileNotFoundException: Could not load file or assembly 'RumbleStats, Version=1.0.0.0, Culture=neutral, PublicKeyToken=null'. The system cannot find the file specified.
File name: 'RumbleStats, Version=1.0.0.0, Culture=neutral, PublicKeyToken=null'
   at InGameClock.main..ctor()
   at System.RuntimeType.CreateInstanceDefaultCtor(Boolean publicOnly, Boolean wrapExceptions)
   --- End of inner exception stack trace ---
   at System.RuntimeType.CreateInstanceDefaultCtor(Boolean publicOnly, Boolean wrapExceptions)
   at System.Activator.CreateInstance(Type type, Boolean nonPublic, Boolean wrapExceptions)
   at System.RuntimeType.CreateInstanceImpl(BindingFlags bindingAttr, Binder binder, Object[] args, CultureInfo culture)
   at System.Activator.CreateInstance(Type type, BindingFlags bindingAttr, Binder binder, Object[] args, CultureInfo culture, Object[] activationAttributes)
   at MelonLoader.MelonAssembly.LoadMelons() in D:\a\MelonLoader\MelonLoader\MelonLoader\Melons\MelonAssembly.cs:line 366

[18:13:24.463] ------------------------------
[18:13:24.463] LegacyCamRollFix v1.0.3
[18:13:24.463] by TacoSlayer36
[18:13:24.463] Assembly: LegacyCamRollFix.dll
[18:13:24.463] ------------------------------
[18:13:24.470] ------------------------------
[18:13:24.471] Lilly's Skins v3.0.0
[18:13:24.471] by Lilly
[18:13:24.471] Assembly: Skins.dll
[18:13:24.471] ------------------------------
[18:13:24.477] ------------------------------
[18:13:24.478] ModUI v2.1.2
[18:13:24.478] by Baumritter
[18:13:24.478] Assembly: ModUI.dll
[18:13:24.478] ------------------------------
[18:13:24.484] ------------------------------
[18:13:24.485] LegacyCameraEnabler v2.1.2
[18:13:24.485] by UlvakSkillz
[18:13:24.485] Assembly: LegacyCameraEnabler.dll
[18:13:24.485] ------------------------------
[18:13:24.491] ------------------------------
[18:13:24.491] More Park Friends v2.0.1
[18:13:24.491] by UlvakSkillz
[18:13:24.491] Assembly: MoreParkFriends.dll
[18:13:24.491] ------------------------------
[18:13:24.497] ------------------------------
[18:13:24.497] MoreRanks v2.0.2
[18:13:24.497] by UlvakSkillz
[18:13:24.497] Assembly: MoreRanks.dll
[18:13:24.497] ------------------------------
[18:13:24.504] ------------------------------
[18:13:24.504] PingDisplay v2.2.0
[18:13:24.504] by Baumritter
[18:13:24.504] Assembly: PingDisplay.dll
[18:13:24.504] ------------------------------
[18:13:24.510] ------------------------------
[18:13:24.510] RumbleHud v1.4.0
[18:13:24.510] by Kpaiy
[18:13:24.510] Assembly: RumbleHud.dll
[18:13:24.511] ------------------------------
[18:13:24.517] ------------------------------
[18:13:24.517] RumbleModdingAPI v4.1.2
[18:13:24.517] by UlvakSkillz
[18:13:24.518] Assembly: RumbleModdingAPI.dll
[18:13:24.518] ------------------------------
[18:13:24.524] ------------------------------
[18:13:24.524] ArmSlider v1.1.1
[18:13:24.524] by MasterMischief
[18:13:24.524] Assembly: ArmSlider.dll
[18:13:24.524] ------------------------------
[18:13:24.530] ------------------------------
[18:13:24.530] CustomAvatars v1.3.0
[18:13:24.530] by ERROR
[18:13:24.530] Assembly: CustomAvatars.dll
[18:13:24.530] ------------------------------
[18:13:24.534] ------------------------------
[18:13:24.534] CustomMultiplayerMaps v1.5.1
[18:13:24.534] by UlvakSkillz
[18:13:24.535] Assembly: CustomMultiplayerMaps.dll
[18:13:24.535] ------------------------------
[18:13:24.541] ------------------------------
[18:13:24.541] DamageNumbers v2.2.0
[18:13:24.541] by UlvakSkillz
[18:13:24.541] Assembly: DamageNumbers.dll
[18:13:24.541] ------------------------------
[18:13:24.548] ------------------------------
[18:13:24.548] FlatLand v1.8.2
[18:13:24.548] by UlvakSkillz
[18:13:24.548] Assembly: FlatLand.dll
[18:13:24.548] ------------------------------
[18:13:24.554] ------------------------------
[18:13:24.554] Instant Park Searcher v2.1.0
[18:13:24.554] by UlvakSkillz
[18:13:24.554] Assembly: InstantParkSearcher.dll
[18:13:24.554] ------------------------------
[18:13:24.560] ------------------------------
[18:13:24.560] LivEnvironmentHider v1.0.0
[18:13:24.560] by iListen2Sound
[18:13:24.560] Assembly: LivEnvironmentHider.dll
[18:13:24.560] ------------------------------
[18:13:24.567] ------------------------------
[18:13:24.567] MatchInfo v2.4.0
[18:13:24.567] by UlvakSkillz
[18:13:24.567] Assembly: MatchInfo.dll
[18:13:24.567] ------------------------------
[18:13:24.573] ------------------------------
[18:13:24.573] MultiplayerMapsInSinglePlayer v2.2.1
[18:13:24.574] by UlvakSkillz
[18:13:24.574] Assembly: MultiplayerMapsInSinglePlayer.dll
[18:13:24.574] ------------------------------
[18:13:24.580] ------------------------------
[18:13:24.581] NameBending v1.1.6
[18:13:24.581] by TacoSlayer36
[18:13:24.581] Assembly: NameBending.dll
[18:13:24.581] ------------------------------
[18:13:24.587] ------------------------------
[18:13:24.587] RUMBLE Tournament Scoring v1.0.0
[18:13:24.587] by davisg
[18:13:24.587] Assembly: tournamentScoring.dll
[18:13:24.587] ------------------------------
[18:13:24.593] ------------------------------
[18:13:24.593] RumbleTrees v2.2.1
[18:13:24.594] by Orangenal
[18:13:24.594] Assembly: RumbleTrees.dll
[18:13:24.594] ------------------------------
[18:13:24.599] ------------------------------
[18:13:24.599] ScriptedLIVCam v0.0.2
[18:13:24.599] by TacoSlayer36
[18:13:24.599] Assembly: ScriptedLIVCam.dll
[18:13:24.600] ------------------------------
[18:13:24.605] ------------------------------
[18:13:24.606] SettingsUI v1.3.2
[18:13:24.606] by MasterMischief
[18:13:24.606] Assembly: SettingsUI.dll
[18:13:24.606] ------------------------------
[18:13:24.612] ------------------------------
[18:13:24.612] StuckReset v1.3.0
[18:13:24.613] by BREAD
[18:13:24.613] Assembly: StuckReset.dll
[18:13:24.613] ------------------------------
[18:13:24.618] ------------------------------
[18:13:24.618] VoidLand v1.3.0
[18:13:24.619] by UlvakSkillz
[18:13:24.619] Assembly: VoidLand.dll
[18:13:24.619] ------------------------------
[18:13:24.619] ------------------------------
[18:13:24.619] 25 Mods loaded.

[18:13:38.123] [Il2CppInterop] Class::Init signatures have been exhausted, using a substitute!
[18:13:38.310] [Il2CppInterop] Registered mono type MelonLoader.Support.MonoEnumeratorWrapper in il2cpp domain
[18:13:38.450] Hooked into static void UnityEngine.SceneManagement.SceneManager::Internal_SceneLoaded(UnityEngine.SceneManagement.Scene scene, UnityEngine.SceneManagement.LoadSceneMode mode)
[18:13:38.477] Hooked into static void UnityEngine.SceneManagement.SceneManager::Internal_SceneUnloaded(UnityEngine.SceneManagement.Scene scene)
[18:13:38.477] Support Module Loaded: C:\Program Files (x86)\Steam\steamapps\common\RUMBLE\MelonLoader\Dependencies\SupportModules\Il2Cpp.dll
[18:13:38.483] [Il2CppInterop] Registered mono type CustomAvatars.CustomRigBone in il2cpp domain
[18:13:38.484] [Il2CppInterop] Method System.Collections.IEnumerator FollowEyes(CustomAvatars.EyeSettings, UnityEngine.Transform, Single, Single) on type CustomAvatars.CustomRig has unsupported return type System.Collections.IEnumerator
[18:13:38.484] [Il2CppInterop] Method System.Collections.Generic.List`1[CustomAvatars.GrabbableObject] ParseGrabbableObjectsRecursive(UnityEngine.Transform, Il2CppRUMBLE.Players.Player) on type CustomAvatars.CustomRig has unsupported return type System.Collections.Generic.List`1[CustomAvatars.GrabbableObject]
[18:13:38.485] [Il2CppInterop] Method System.Collections.IEnumerator ApplyDefaultBlendshapes() on type CustomAvatars.CustomRig has unsupported return type System.Collections.IEnumerator
[18:13:38.485] [Il2CppInterop] Method System.Collections.IEnumerator AutoBlinkCoroutine() on type CustomAvatars.CustomRig has unsupported return type System.Collections.IEnumerator
[18:13:38.485] [Il2CppInterop] Method System.Collections.IEnumerator BlinkBlendshapeLerp(Int32, Single, Single) on type CustomAvatars.CustomRig has unsupported return type System.Collections.IEnumerator
[18:13:38.496] [Il2CppInterop] Registered mono type CustomAvatars.CustomRig in il2cpp domain
[18:13:38.496] [Il2CppInterop] Method System.Collections.IEnumerator Init(Il2CppRUMBLE.Players.Player) on type CustomAvatars.GrabbableObject has unsupported return type System.Collections.IEnumerator
[18:13:38.500] [Il2CppInterop] Registered mono type CustomAvatars.GrabbableObject in il2cpp domain
[18:13:38.977] [RumbleHud] RumbleHud: Initialized.
[18:13:39.032] [RumbleHud] RumbleHud: Loaded settings from file.
[18:13:39.037] [LivEnvironmentHider] System.NullReferenceException: Object reference not set to an instance of an object.
   at LivEnvironmentHider.LivEnvironmentHider.Log(String message, Boolean debugOnly, Int32 logLevel)
   at LivEnvironmentHider.LivEnvironmentHider.InitPreferences()
   at LivEnvironmentHider.LivEnvironmentHider.OnInitializeMelon()
   at MelonLoader.MelonBase.LoaderInitialized() in D:\a\MelonLoader\MelonLoader\MelonLoader\Melons\MelonBase.cs:line 467
[18:13:39.211] [RumbleTrees] Initialised.
[18:13:44.581] [Il2CppInterop] Registered mono type MelonLoader.Support.SM_Component in il2cpp domain
[18:13:44.593] Registered mono icall UnityEngine.Transform::SetAsLastSibling in il2cpp domain
[18:13:44.626] [MoreRanks] Loaded Rank: 234 Massif
[18:13:44.627] [MoreRanks] Loaded Rank: 366 Fault Block
[18:13:44.628] [MoreRanks] Loaded Rank: 552 Seamount
[18:13:44.628] [MoreRanks] Loaded Rank: 792 Butte
[18:13:44.628] [MoreRanks] Loaded Rank: 1194 Plateau
[18:13:44.629] [MoreRanks] Loaded Rank: 1758 Cirque
[18:13:44.629] [MoreRanks] Loaded Rank: 2484 Large Island
[18:13:44.629] [MoreRanks] Loaded Rank: 3696 Province
[18:13:44.630] [MoreRanks] Loaded Rank: 5394 Mesa
[18:13:44.630] [MoreRanks] Loaded Rank: 7578 Horst
[18:13:44.630] [MoreRanks] Loaded Rank: 11220 Country
[18:13:44.630] [MoreRanks] Loaded Rank: 16320 Terrane
[18:13:44.631] [MoreRanks] Loaded Rank: 22878 Craton
[18:13:44.631] [MoreRanks] Loaded Rank: 33810 Shield
[18:13:44.632] [MoreRanks] Loaded Rank: 49116 Mountain Range
[18:13:44.632] [MoreRanks] Loaded Rank: 68796 Seamount Chain
[18:13:44.632] [MoreRanks] Loaded Rank: 101598 Microcontinent
[18:13:44.633] [MoreRanks] Loaded Rank: 147522 Subcontinent
[18:13:44.637] [MoreRanks] Loaded Rank: 206568 Continent
[18:13:44.638] [MoreRanks] Loaded Rank: 304980 Tectonic Plate
[18:13:44.638] [MoreRanks] Loaded Rank: 442758 Lithosphere
[18:13:44.639] [MoreRanks] Loaded Rank: 619902 Asthenosphere
[18:13:44.640] [MoreRanks] Loaded Rank: 915144 The Moon
[18:13:44.640] [MoreRanks] Loaded Rank: 1328484 Mercury
[18:13:44.641] [MoreRanks] Loaded Rank: 1859922 Mars
[18:13:44.644] [MoreRanks] Loaded Rank: 2745654 Venus
[18:13:44.644] [MoreRanks] Loaded Rank: 3985680 Planet Earth
[18:13:44.646] [MoreRanks] Loaded Rank: 5580000 Super Earth
[18:13:44.646] [MoreRanks] Loaded Rank: 8237202 Proxima Centauri
[18:13:44.647] [MoreRanks] Loaded Rank: 11957286 The Sun
[18:13:44.647] [MoreRanks] Loaded Rank: 16740252 Sirius A
[18:13:44.648] [MoreRanks] Loaded Rank: 24711864 Vega
[18:13:44.649] [MoreRanks] Loaded Rank: 35872122 Arcturus
[18:13:44.650] [MoreRanks] Loaded Rank: 50221026 Rigel
[18:13:44.651] [MoreRanks] Loaded Rank: 74135868 Betelgeuse
[18:13:44.651] [MoreRanks] Loaded Rank: 107616648 Astroid Belt
[18:13:44.652] [MoreRanks] Loaded Rank: 150663366 Solar System
[18:13:44.652] [MoreRanks] Loaded Rank: 222407898 Black Hole
[18:13:44.653] [MoreRanks] Loaded Rank: 322850244 Cat's Eye Nebula
[18:13:44.653] [MoreRanks] Loaded Rank: 451990404 Helix Nebula
[18:13:44.654] [MoreRanks] Loaded Rank: 667224006 Orion Nebula
[18:13:44.654] [MoreRanks] Loaded Rank: 968551050 Omega Centauri
[18:13:44.654] [MoreRanks] Loaded Rank: 1355971536 The Milky Way
[18:13:44.655] [MoreRanks] Loaded Rank: 2001672348 The Universe
[18:13:44.660] [DEBUG] Scene loaded: Loader
[18:13:44.781] [Lilly's Skins] Player Passed File loading
[18:13:45.112] [Lilly's Skins] Structures Passed File loading
[18:13:45.195] [CustomAvatars] Custom Avatars Initialized
[18:13:46.703] [RumbleModdingAPI] API Initialized
[18:13:46.703] [RumbleModdingAPI] API By UlvakSkillz. Consider Donating to Their KoFi: https://ko-fi.com/ulvakskillz
[18:13:53.803] [RumbleHud] RumbleHud: Created Element for player <#090>BIVN.
[18:14:24.998] [Lilly's Skins] trying to skin player
[18:14:25.001] [Lilly's Skins] System.NullReferenceException: Object reference not set to an instance of an object.
   at Skins.Player_Texturing.updateTex(GameObject player, Boolean isLocal)
[18:14:25.056] [Il2CppInterop] Registered mono type Il2CppInterop.Runtime.DelegateSupport+Il2CppToMonoDelegateReference in il2cpp domain
[18:14:25.084] [PingDisplay] Added Mod.
[18:14:25.102] [ModUI] Version Check Started. This may take about up to 15 seconds per mod.
[18:14:25.122] [DEBUG] Scene loaded: Gym
[18:14:25.122] [DEBUG] Gym loaded. Resetting scores and hiding scoreboard.
[18:14:25.123] [RUMBLE Tournament Scoring] [RUMBLE Tournament Scoring] ===SCORING===
0(0)-0(0)
[18:14:25.124] [RUMBLE Tournament Scoring] [DEBUG] Scoreboard and tournament scores reset to 0(0)-0(0).
[18:14:25.353] [RumbleHud] RumbleHud: Created Element for player <#090>BIVN.
[18:14:25.668] [CustomAvatars] No custom avatar found for you at C:\Program Files (x86)\Steam\steamapps\common\RUMBLE\UserData\CustomAvatars
[18:14:25.690] [CustomMultiplayerMaps] Loaded FlatLand By UlvakSkillz
[18:14:25.693] [CustomMultiplayerMaps] Loaded The Cliff By SDRAWKCABMIAY
[18:14:25.712] [CustomMultiplayerMaps] Loaded Windy Ravine By gort
[18:14:25.725] [CustomMultiplayerMaps] Loaded Agni Kai By UlvakSkillz
[18:14:25.739] [CustomMultiplayerMaps] Loaded Pro Bending Arena By ERROR
[18:14:25.743] [CustomMultiplayerMaps] Loaded Red vs Blue By UlvakSkillz
[18:14:25.758] [CustomMultiplayerMaps] Loaded Red Woods By CRWND
[18:14:25.878] [CustomMultiplayerMaps] Loaded Sprinkle Donut By SDRAWKCABMIAY
[18:14:25.897] [CustomMultiplayerMaps] Loaded Earth Rumble Arena By wolf
[18:14:25.897] [CustomMultiplayerMaps] Initialized
[18:14:25.905] [MatchInfo] Backing up File 2 -> 3
[18:14:25.906] [MatchInfo] Backing up File 1 -> 2
[18:14:25.907] [MatchInfo] Backing up File MatchInfo.txt -> 1
[18:14:25.911] [MatchInfo] Initialized
[18:14:25.915] [NameBending] Could not find custom name file at "UserData/NameBending/customBentName.json"
[18:14:26.163] [RumbleModdingAPI] onAMapInitialized Error for Mod: LivEnvironmentHider.LivEnvironmentHider
[18:14:26.163] [RumbleModdingAPI] System.NullReferenceException: Object reference not set to an instance of an object.
   at LivEnvironmentHider.LivEnvironmentHider.UpdatePrefs()
   at LivEnvironmentHider.LivEnvironmentHider.OnMapInitialized(String sceneName)
[18:14:27.865] [ScriptedLIVCam] Unhandled exception in coroutine. It will not continue executing.
Il2CppInterop.Runtime.Il2CppException: UnityEngine.UnityException: Transform child out of bounds
--- BEGIN IL2CPP STACK TRACE ---
UnityEngine.UnityException: Transform child out of bounds
  at UnityEngine.Transform.GetChild (System.Int32 index) [0x00000] in <00000000000000000000000000000000>:0 
--- END IL2CPP STACK TRACE ---

   at Il2CppInterop.Runtime.Il2CppException.RaiseExceptionIfNecessary(IntPtr returnedException) in /home/runner/work/Il2CppInterop/Il2CppInterop/Il2CppInterop.Runtime/Il2CppException.cs:line 36
   at UnityEngine.Transform.GetChild(Int32 index)
   at ScriptedLIVCam.ScriptedLCMain.setUpAudioListeners()+MoveNext()
   at MelonLoader.Support.MonoEnumeratorWrapper.MoveNext() in D:\a\MelonLoader\MelonLoader\Dependencies\SupportModules\Il2Cpp\MonoEnumeratorWrapper.cs:line 51
[18:14:41.248] [ModUI] Version Check Done.
[18:19:08.993] [Lilly's Skins] trying to skin player
