
[00:51:30.406] ------------------------------
[00:51:30.409] MelonLoader v0.7.2-ci.2341 Open-Beta
[00:51:30.410] OS: Windows 11
[00:51:30.410] Hash Code: 1F7B1C7542A1151E51B325DBF5F5832B13814DDE8A88E64D5296364C00D0B558
[00:51:30.410] ------------------------------
[00:51:30.410] Game Type: Il2cpp
[00:51:30.410] Game Arch: x64
[00:51:30.410] ------------------------------
[00:51:30.411] Command-Line: 
[00:51:30.411] ------------------------------
[00:51:30.411] Core::BasePath = C:\Program Files (x86)\Steam\steamapps\common\RUMBLE
[00:51:30.412] Game::BasePath = C:\Program Files (x86)\Steam\steamapps\common\RUMBLE
[00:51:30.412] Game::DataPath = C:\Program Files (x86)\Steam\steamapps\common\RUMBLE\RUMBLE_Data
[00:51:30.412] Game::ApplicationPath = C:\Program Files (x86)\Steam\steamapps\common\RUMBLE\RUMBLE.exe
[00:51:30.412] Runtime Type: net6
[00:51:30.486] ------------------------------
[00:51:30.486] Game Name: RUMBLE
[00:51:30.487] Game Developer: Buckethead Entertainment
[00:51:30.488] Unity Version: 6000.0.58f2
[00:51:30.488] Game Version: UNKNOWN
[00:51:30.488] ------------------------------

[00:51:31.486] Preferences Loaded!

[00:51:31.502] Loading UserLibs...
[00:51:31.523] ------------------------------
[00:51:31.529] Melon Assembly loaded: '.\UserLibs\NAudio.Core.dll'
[00:51:31.529] SHA256 Hash: 'FCF493FC47A2F478A65303886B975FBDBF714CBB1F2D79F7FCE97E4BB16B01A8'
[00:51:31.532] Melon Assembly loaded: '.\UserLibs\NAudio.dll'
[00:51:31.532] SHA256 Hash: '8BF0F2E8DADF3967757191C2212C269333CCD9D7E59839EEA968212C64787BE9'
[00:51:31.535] Melon Assembly loaded: '.\UserLibs\NAudio.WinMM.dll'
[00:51:31.535] SHA256 Hash: '749A01EBBB5EDD8B1A03C5263B04DE6ACADECF52E4CC84D7412BC6E93F180958'
[00:51:31.545] Melon Assembly loaded: '.\UserLibs\SharpGLTF.Core.dll'
[00:51:31.545] SHA256 Hash: '981D45ECD24265E0F2520989B4F7019E7B5D0C2B46CBFBD8C6DF8E36F5B65EC4'
[00:51:31.565] Melon Assembly loaded: '.\UserLibs\SharpGLTF.Toolkit.dll'
[00:51:31.565] SHA256 Hash: 'CCEB1C6E6E803F5A27B8C3C209E66D634F72F73948406BAA3FEF401C2ACBDE89'
[00:51:31.566] ------------------------------
[00:51:31.566] 0 UserLibs loaded.

[00:51:31.567] Loading Plugins...
[00:51:31.572] 0 Plugins loaded.

[00:51:33.295] Loading Il2CppAssemblyGenerator...
[00:51:33.332] [Il2CppAssemblyGenerator] Contacting RemoteAPI...
[00:51:33.561] [Il2CppAssemblyGenerator] RemoteAPI.DumperVersion = null
[00:51:33.561] [Il2CppAssemblyGenerator] RemoteAPI.ObfuscationRegex = [A-Z]{11}
[00:51:33.562] [Il2CppAssemblyGenerator] RemoteAPI.MappingURL = null
[00:51:33.562] [Il2CppAssemblyGenerator] RemoteAPI.MappingFileSHA512 = null
[00:51:33.566] [Il2CppAssemblyGenerator] Using Cpp2IL Version: 2022.1.0-pre-release.20
[00:51:33.566] [Il2CppAssemblyGenerator] Using Il2CppInterop Version = 1.5.1+dbaf825aab891ff1e1627bea691bde0a81d1ad98
[00:51:33.566] [Il2CppAssemblyGenerator] Using Unity Dependencies Version = 6000.0.58
[00:51:33.566] [Il2CppAssemblyGenerator] Using Deobfuscation Regex = [A-Z]{11}
[00:51:33.566] [Il2CppAssemblyGenerator] Cpp2IL is up to date.
[00:51:33.567] [Il2CppAssemblyGenerator] Cpp2IL.Plugin.StrippedCodeRegSupport is up to date.
[00:51:33.567] [Il2CppAssemblyGenerator] UnityDependencies is up to date.
[00:51:33.567] [Il2CppAssemblyGenerator] Checking GameAssembly...
[00:51:33.687] [Il2CppAssemblyGenerator] Assembly is up to date. No Generation Needed.

[00:51:33.689] Loading Mods...
[00:51:33.727] ------------------------------
[00:51:33.729] Melon Assembly loaded: '.\Mods\ArmSlider.dll'
[00:51:33.729] SHA256 Hash: 'B654453797E45ABDE2322CD661810BC69B126E71177AAAE6D0502CF54F6B9EB2'
[00:51:33.732] Melon Assembly loaded: '.\Mods\CustomAvatars.dll'
[00:51:33.733] SHA256 Hash: '34F7E3FA386EA3F395C5FADD63D71DF9D38F05D760B070BBA31F807F6DEA9676'
[00:51:33.735] Melon Assembly loaded: '.\Mods\CustomMultiplayerMaps.dll'
[00:51:33.736] SHA256 Hash: '0FDCC52F8F782093C43B1D3BB90FE777A0377C5A83FED4392302AADDFA615084'
[00:51:33.738] Melon Assembly loaded: '.\Mods\DamageNumbers.dll'
[00:51:33.738] SHA256 Hash: '3AA9804C284C06499AECAEEE9B0816BE7D2961B06BB06E1311BB42CED0D854A0'
[00:51:33.741] Melon Assembly loaded: '.\Mods\FlatLand.dll'
[00:51:33.741] SHA256 Hash: 'BB1B6B5CC696D3B601FB891875BA72AAD115F486252E57816C8548867A42559C'
[00:51:33.743] Melon Assembly loaded: '.\Mods\InGameClock.dll'
[00:51:33.744] SHA256 Hash: 'FF46B5AE9A1D6096D38DA0F858FCC7801616F0FA7FDC205B1C53D05E6C4145D8'
[00:51:33.746] Melon Assembly loaded: '.\Mods\InstantParkSearcher.dll'
[00:51:33.746] SHA256 Hash: '9337F2408775ADCD4B9669A3F0A0C5EBF790EFB82BF01F07DDDF34DE90FA3F98'
[00:51:33.749] Melon Assembly loaded: '.\Mods\LegacyCameraEnabler.dll'
[00:51:33.749] SHA256 Hash: '1CF888B612078DF8FD5B03C01C11534E3AA668D33FA3AF1FD4E8FE92E2DE6F58'
[00:51:33.751] Melon Assembly loaded: '.\Mods\LegacyCamRollFix.dll'
[00:51:33.751] SHA256 Hash: 'A71DA901B33C50795C728DDFF4DF02D7AD3E3216109361C1D16DB461FCA4AE90'
[00:51:33.753] Melon Assembly loaded: '.\Mods\LivEnvironmentHider.dll'
[00:51:33.753] SHA256 Hash: '461269144DE003DE402387818D9ADF3951EC064C5287B5387CAB22343C4B0A6F'
[00:51:33.754] Melon Assembly loaded: '.\Mods\MatchInfo.dll'
[00:51:33.755] SHA256 Hash: '478A1C61EC515E1E8C18B623A2083342391A8D0EC1BCFB48E1EB44C77A15E4A2'
[00:51:33.757] Melon Assembly loaded: '.\Mods\ModUI.dll'
[00:51:33.757] SHA256 Hash: 'A331CEA6049D190C92CA6717536347F95BAF125B9D34D671798EEE6B06D3D01B'
[00:51:33.759] Melon Assembly loaded: '.\Mods\MoreParkFriends.dll'
[00:51:33.760] SHA256 Hash: 'A925A9D0341C2416E707EB84EDF0BB427103A2A0B1FC29D4EDE3684F1CBAEDDE'
[00:51:33.761] Melon Assembly loaded: '.\Mods\MoreRanks.dll'
[00:51:33.761] SHA256 Hash: 'EB9E5F319CE2D9BB4D7ADF8FF365DA4CA3BFBB6F7F53BD080AA75ACEF66D41AB'
[00:51:33.763] Melon Assembly loaded: '.\Mods\MultiplayerMapsInSinglePlayer.dll'
[00:51:33.763] SHA256 Hash: '8FFA38DBCC983891119AAFBFC052B0A8CBF82B091E187FE0B512B7AB20C9D840'
[00:51:33.776] Melon Assembly loaded: '.\Mods\NameBending.dll'
[00:51:33.777] SHA256 Hash: 'E7FFED13F0A03810C0F431F3155C191CD2094A66738DB54C9F7C8AAD2068088A'
[00:51:33.779] Melon Assembly loaded: '.\Mods\PingDisplay.dll'
[00:51:33.779] SHA256 Hash: '9F4AA08DF03DF4DAB815E374ADEB84530564DCB9192A4CA34780E232A26381AB'
[00:51:33.781] Melon Assembly loaded: '.\Mods\RumbleHud.dll'
[00:51:33.781] SHA256 Hash: '97A4E3B84C5677A925518C9909FD804C33F938988ABE5F160BED6168849D0942'
[00:51:33.814] Melon Assembly loaded: '.\Mods\RumbleModdingAPI.dll'
[00:51:33.814] SHA256 Hash: '0268C29E62AB2D77BE4B61C87D391D9CB5077BA8EF9C609FEA7C1EA3769CAA43'
[00:51:33.821] Melon Assembly loaded: '.\Mods\RumbleTrees.dll'
[00:51:33.821] SHA256 Hash: '55C888D7039E71C116A7598EDC819EB0E9C2EBE858B89B9BFC8138FF4F5878BC'
[00:51:33.823] Melon Assembly loaded: '.\Mods\ScriptedLIVCam.dll'
[00:51:33.823] SHA256 Hash: '826D13AA9483FAB344923EC7EDCF33F6E012AAF333952FFFAE095831A8AD5FDC'
[00:51:33.826] Melon Assembly loaded: '.\Mods\SettingsUI.dll'
[00:51:33.826] SHA256 Hash: '8CE98CAC674DB55612427D85FA9E4E0445B8C443115A2768E9D33837F6E42822'
[00:51:33.828] Melon Assembly loaded: '.\Mods\Skins.dll'
[00:51:33.828] SHA256 Hash: '0E48DF18E14896D697D48623A17C76EC8C1076B7781D93BB2FFA60F9D9C76426'
[00:51:33.830] Melon Assembly loaded: '.\Mods\StuckReset.dll'
[00:51:33.830] SHA256 Hash: 'A123BF89F69CE7A95DB1160F34A210303A7D0E3082956415B3EA685DD2560171'
[00:51:33.832] Melon Assembly loaded: '.\Mods\tournamentScoring.dll'
[00:51:33.832] SHA256 Hash: '3EFE824C6932FA407E2781193A1634184563C84965E062C8BE20592CE74B9D32'
[00:51:33.834] Melon Assembly loaded: '.\Mods\VoidLand.dll'
[00:51:33.834] SHA256 Hash: 'CD0833A8F60E1A32720173466CC878A70F7B527C6A661766AA14065B0AA1869A'
[00:51:33.966] Failed to load 1 Melon from InGameClock.dll:
[00:51:33.966] Failed to load Melon 'InGameClock.main': Failed to create an instance of the Melon.
[00:51:33.966] System.Reflection.TargetInvocationException: Exception has been thrown by the target of an invocation.
 ---> System.IO.FileNotFoundException: Could not load file or assembly 'RumbleStats, Version=1.0.0.0, Culture=neutral, PublicKeyToken=null'. The system cannot find the file specified.
File name: 'RumbleStats, Version=1.0.0.0, Culture=neutral, PublicKeyToken=null'
   at InGameClock.main..ctor()
   at System.RuntimeType.CreateInstanceDefaultCtor(Boolean publicOnly, Boolean wrapExceptions)
   --- End of inner exception stack trace ---
   at System.RuntimeType.CreateInstanceDefaultCtor(Boolean publicOnly, Boolean wrapExceptions)
   at System.Activator.CreateInstance(Type type, Boolean nonPublic, Boolean wrapExceptions)
   at System.RuntimeType.CreateInstanceImpl(BindingFlags bindingAttr, Binder binder, Object[] args, CultureInfo culture)
   at System.Activator.CreateInstance(Type type, BindingFlags bindingAttr, Binder binder, Object[] args, CultureInfo culture, Object[] activationAttributes)
   at MelonLoader.MelonAssembly.LoadMelons() in D:\a\MelonLoader\MelonLoader\MelonLoader\Melons\MelonAssembly.cs:line 366

[00:51:34.189] ------------------------------
[00:51:34.189] LegacyCamRollFix v1.0.3
[00:51:34.189] by TacoSlayer36
[00:51:34.189] Assembly: LegacyCamRollFix.dll
[00:51:34.190] ------------------------------
[00:51:34.194] ------------------------------
[00:51:34.194] Lilly's Skins v3.0.0
[00:51:34.195] by Lilly
[00:51:34.195] Assembly: Skins.dll
[00:51:34.195] ------------------------------
[00:51:34.200] ------------------------------
[00:51:34.200] ModUI v2.1.2
[00:51:34.200] by Baumritter
[00:51:34.200] Assembly: ModUI.dll
[00:51:34.200] ------------------------------
[00:51:34.205] ------------------------------
[00:51:34.206] LegacyCameraEnabler v2.1.2
[00:51:34.206] by UlvakSkillz
[00:51:34.206] Assembly: LegacyCameraEnabler.dll
[00:51:34.206] ------------------------------
[00:51:34.210] ------------------------------
[00:51:34.211] More Park Friends v2.0.1
[00:51:34.211] by UlvakSkillz
[00:51:34.211] Assembly: MoreParkFriends.dll
[00:51:34.211] ------------------------------
[00:51:34.215] ------------------------------
[00:51:34.216] MoreRanks v2.0.2
[00:51:34.216] by UlvakSkillz
[00:51:34.216] Assembly: MoreRanks.dll
[00:51:34.216] ------------------------------
[00:51:34.221] ------------------------------
[00:51:34.221] PingDisplay v2.2.0
[00:51:34.222] by Baumritter
[00:51:34.222] Assembly: PingDisplay.dll
[00:51:34.222] ------------------------------
[00:51:34.226] ------------------------------
[00:51:34.226] RumbleHud v1.4.0
[00:51:34.227] by Kpaiy
[00:51:34.227] Assembly: RumbleHud.dll
[00:51:34.227] ------------------------------
[00:51:34.231] ------------------------------
[00:51:34.232] RumbleModdingAPI v4.1.2
[00:51:34.232] by UlvakSkillz
[00:51:34.232] Assembly: RumbleModdingAPI.dll
[00:51:34.232] ------------------------------
[00:51:34.236] ------------------------------
[00:51:34.237] ArmSlider v1.1.1
[00:51:34.237] by MasterMischief
[00:51:34.237] Assembly: ArmSlider.dll
[00:51:34.237] ------------------------------
[00:51:34.242] ------------------------------
[00:51:34.242] CustomAvatars v1.3.0
[00:51:34.242] by ERROR
[00:51:34.242] Assembly: CustomAvatars.dll
[00:51:34.242] ------------------------------
[00:51:34.246] ------------------------------
[00:51:34.246] CustomMultiplayerMaps v1.5.1
[00:51:34.246] by UlvakSkillz
[00:51:34.246] Assembly: CustomMultiplayerMaps.dll
[00:51:34.247] ------------------------------
[00:51:34.252] ------------------------------
[00:51:34.252] DamageNumbers v2.2.0
[00:51:34.252] by UlvakSkillz
[00:51:34.252] Assembly: DamageNumbers.dll
[00:51:34.252] ------------------------------
[00:51:34.257] ------------------------------
[00:51:34.257] FlatLand v1.8.2
[00:51:34.257] by UlvakSkillz
[00:51:34.257] Assembly: FlatLand.dll
[00:51:34.257] ------------------------------
[00:51:34.261] ------------------------------
[00:51:34.262] Instant Park Searcher v2.1.0
[00:51:34.262] by UlvakSkillz
[00:51:34.262] Assembly: InstantParkSearcher.dll
[00:51:34.262] ------------------------------
[00:51:34.266] ------------------------------
[00:51:34.267] LivEnvironmentHider v1.0.0
[00:51:34.267] by iListen2Sound
[00:51:34.267] Assembly: LivEnvironmentHider.dll
[00:51:34.267] ------------------------------
[00:51:34.272] ------------------------------
[00:51:34.272] MatchInfo v2.4.0
[00:51:34.272] by UlvakSkillz
[00:51:34.272] Assembly: MatchInfo.dll
[00:51:34.272] ------------------------------
[00:51:34.276] ------------------------------
[00:51:34.276] MultiplayerMapsInSinglePlayer v2.2.1
[00:51:34.276] by UlvakSkillz
[00:51:34.277] Assembly: MultiplayerMapsInSinglePlayer.dll
[00:51:34.277] ------------------------------
[00:51:34.281] ------------------------------
[00:51:34.281] NameBending v1.1.6
[00:51:34.281] by TacoSlayer36
[00:51:34.281] Assembly: NameBending.dll
[00:51:34.284] ------------------------------
[00:51:34.288] ------------------------------
[00:51:34.288] RUMBLE Tournament Scoring v1.0.0
[00:51:34.288] by davisg
[00:51:34.289] Assembly: tournamentScoring.dll
[00:51:34.289] ------------------------------
[00:51:34.293] ------------------------------
[00:51:34.293] RumbleTrees v2.2.1
[00:51:34.293] by Orangenal
[00:51:34.293] Assembly: RumbleTrees.dll
[00:51:34.293] ------------------------------
[00:51:34.299] ------------------------------
[00:51:34.299] ScriptedLIVCam v0.0.2
[00:51:34.299] by TacoSlayer36
[00:51:34.299] Assembly: ScriptedLIVCam.dll
[00:51:34.299] ------------------------------
[00:51:34.304] ------------------------------
[00:51:34.304] SettingsUI v1.3.2
[00:51:34.304] by MasterMischief
[00:51:34.305] Assembly: SettingsUI.dll
[00:51:34.305] ------------------------------
[00:51:34.309] ------------------------------
[00:51:34.309] StuckReset v1.3.0
[00:51:34.309] by BREAD
[00:51:34.309] Assembly: StuckReset.dll
[00:51:34.309] ------------------------------
[00:51:34.314] ------------------------------
[00:51:34.314] VoidLand v1.3.0
[00:51:34.314] by UlvakSkillz
[00:51:34.314] Assembly: VoidLand.dll
[00:51:34.314] ------------------------------
[00:51:34.314] ------------------------------
[00:51:34.315] 25 Mods loaded.

[00:51:35.699] [Il2CppInterop] Class::Init signatures have been exhausted, using a substitute!
[00:51:35.881] [Il2CppInterop] Registered mono type MelonLoader.Support.MonoEnumeratorWrapper in il2cpp domain
[00:51:36.008] Hooked into static void UnityEngine.SceneManagement.SceneManager::Internal_SceneLoaded(UnityEngine.SceneManagement.Scene scene, UnityEngine.SceneManagement.LoadSceneMode mode)
[00:51:36.068] Hooked into static void UnityEngine.SceneManagement.SceneManager::Internal_SceneUnloaded(UnityEngine.SceneManagement.Scene scene)
[00:51:36.068] Support Module Loaded: C:\Program Files (x86)\Steam\steamapps\common\RUMBLE\MelonLoader\Dependencies\SupportModules\Il2Cpp.dll
[00:51:36.073] [Il2CppInterop] Registered mono type CustomAvatars.CustomRigBone in il2cpp domain
[00:51:36.075] [Il2CppInterop] Method System.Collections.IEnumerator FollowEyes(CustomAvatars.EyeSettings, UnityEngine.Transform, Single, Single) on type CustomAvatars.CustomRig has unsupported return type System.Collections.IEnumerator
[00:51:36.075] [Il2CppInterop] Method System.Collections.Generic.List`1[CustomAvatars.GrabbableObject] ParseGrabbableObjectsRecursive(UnityEngine.Transform, Il2CppRUMBLE.Players.Player) on type CustomAvatars.CustomRig has unsupported return type System.Collections.Generic.List`1[CustomAvatars.GrabbableObject]
[00:51:36.075] [Il2CppInterop] Method System.Collections.IEnumerator ApplyDefaultBlendshapes() on type CustomAvatars.CustomRig has unsupported return type System.Collections.IEnumerator
[00:51:36.075] [Il2CppInterop] Method System.Collections.IEnumerator AutoBlinkCoroutine() on type CustomAvatars.CustomRig has unsupported return type System.Collections.IEnumerator
[00:51:36.075] [Il2CppInterop] Method System.Collections.IEnumerator BlinkBlendshapeLerp(Int32, Single, Single) on type CustomAvatars.CustomRig has unsupported return type System.Collections.IEnumerator
[00:51:36.085] [Il2CppInterop] Registered mono type CustomAvatars.CustomRig in il2cpp domain
[00:51:36.085] [Il2CppInterop] Method System.Collections.IEnumerator Init(Il2CppRUMBLE.Players.Player) on type CustomAvatars.GrabbableObject has unsupported return type System.Collections.IEnumerator
[00:51:36.088] [Il2CppInterop] Registered mono type CustomAvatars.GrabbableObject in il2cpp domain
[00:51:37.162] [RumbleHud] RumbleHud: Initialized.
[00:51:37.182] [RumbleHud] RumbleHud: Loaded settings from file.
[00:51:37.186] [LivEnvironmentHider] MelonPreferences Loaded from UserData/LivEnvironmentHider/config.cfg
[00:51:37.188] [LivEnvironmentHider] MelonPreferences Loaded from UserData/LivEnvironmentHider/config.cfg
[00:51:37.189] [LivEnvironmentHider] MelonPreferences Loaded from UserData/LivEnvironmentHider/config.cfg
[00:51:37.190] [LivEnvironmentHider] Initialized.
[00:51:37.336] [RumbleTrees] Initialised.
[00:51:42.532] [Il2CppInterop] Registered mono type MelonLoader.Support.SM_Component in il2cpp domain
[00:51:42.541] Registered mono icall UnityEngine.Transform::SetAsLastSibling in il2cpp domain
[00:51:42.554] [MoreRanks] Loaded Rank: 234 Massif
[00:51:42.555] [MoreRanks] Loaded Rank: 366 Fault Block
[00:51:42.555] [MoreRanks] Loaded Rank: 552 Seamount
[00:51:42.556] [MoreRanks] Loaded Rank: 792 Butte
[00:51:42.556] [MoreRanks] Loaded Rank: 1194 Plateau
[00:51:42.556] [MoreRanks] Loaded Rank: 1758 Cirque
[00:51:42.556] [MoreRanks] Loaded Rank: 2484 Large Island
[00:51:42.557] [MoreRanks] Loaded Rank: 3696 Province
[00:51:42.557] [MoreRanks] Loaded Rank: 5394 Mesa
[00:51:42.557] [MoreRanks] Loaded Rank: 7578 Horst
[00:51:42.558] [MoreRanks] Loaded Rank: 11220 Country
[00:51:42.558] [MoreRanks] Loaded Rank: 16320 Terrane
[00:51:42.558] [MoreRanks] Loaded Rank: 22878 Craton
[00:51:42.558] [MoreRanks] Loaded Rank: 33810 Shield
[00:51:42.559] [MoreRanks] Loaded Rank: 49116 Mountain Range
[00:51:42.559] [MoreRanks] Loaded Rank: 68796 Seamount Chain
[00:51:42.559] [MoreRanks] Loaded Rank: 101598 Microcontinent
[00:51:42.560] [MoreRanks] Loaded Rank: 147522 Subcontinent
[00:51:42.563] [MoreRanks] Loaded Rank: 206568 Continent
[00:51:42.564] [MoreRanks] Loaded Rank: 304980 Tectonic Plate
[00:51:42.564] [MoreRanks] Loaded Rank: 442758 Lithosphere
[00:51:42.565] [MoreRanks] Loaded Rank: 619902 Asthenosphere
[00:51:42.565] [MoreRanks] Loaded Rank: 915144 The Moon
[00:51:42.565] [MoreRanks] Loaded Rank: 1328484 Mercury
[00:51:42.565] [MoreRanks] Loaded Rank: 1859922 Mars
[00:51:42.566] [MoreRanks] Loaded Rank: 2745654 Venus
[00:51:42.568] [MoreRanks] Loaded Rank: 3985680 Planet Earth
[00:51:42.568] [MoreRanks] Loaded Rank: 5580000 Super Earth
[00:51:42.569] [MoreRanks] Loaded Rank: 8237202 Proxima Centauri
[00:51:42.569] [MoreRanks] Loaded Rank: 11957286 The Sun
[00:51:42.569] [MoreRanks] Loaded Rank: 16740252 Sirius A
[00:51:42.570] [MoreRanks] Loaded Rank: 24711864 Vega
[00:51:42.570] [MoreRanks] Loaded Rank: 35872122 Arcturus
[00:51:42.572] [MoreRanks] Loaded Rank: 50221026 Rigel
[00:51:42.573] [MoreRanks] Loaded Rank: 74135868 Betelgeuse
[00:51:42.573] [MoreRanks] Loaded Rank: 107616648 Astroid Belt
[00:51:42.574] [MoreRanks] Loaded Rank: 150663366 Solar System
[00:51:42.574] [MoreRanks] Loaded Rank: 222407898 Black Hole
[00:51:42.575] [MoreRanks] Loaded Rank: 322850244 Cat's Eye Nebula
[00:51:42.575] [MoreRanks] Loaded Rank: 451990404 Helix Nebula
[00:51:42.576] [MoreRanks] Loaded Rank: 667224006 Orion Nebula
[00:51:42.576] [MoreRanks] Loaded Rank: 968551050 Omega Centauri
[00:51:42.576] [MoreRanks] Loaded Rank: 1355971536 The Milky Way
[00:51:42.577] [MoreRanks] Loaded Rank: 2001672348 The Universe
[00:51:42.580] [DEBUG] Scene loaded: Loader
[00:51:42.634] [Lilly's Skins] Player Passed File loading
[00:51:42.846] [Lilly's Skins] Structures Passed File loading
[00:51:42.915] [CustomAvatars] Custom Avatars Initialized
[00:51:44.506] [RumbleModdingAPI] API Initialized
[00:51:44.506] [RumbleModdingAPI] API By UlvakSkillz. Consider Donating to Their KoFi: https://ko-fi.com/ulvakskillz
[00:51:49.049] [RumbleHud] RumbleHud: Created Element for player <#090>BIVN.
[00:51:55.011] [Lilly's Skins] trying to skin player
[00:51:55.013] [Lilly's Skins] System.NullReferenceException: Object reference not set to an instance of an object.
   at Skins.Player_Texturing.updateTex(GameObject player, Boolean isLocal)
[00:51:55.062] [Il2CppInterop] Registered mono type Il2CppInterop.Runtime.DelegateSupport+Il2CppToMonoDelegateReference in il2cpp domain
[00:51:55.079] [PingDisplay] Added Mod.
[00:51:55.082] [ModUI] Version Check Started. This may take about up to 15 seconds per mod.
[00:51:55.100] [DEBUG] Scene loaded: Gym
[00:51:55.101] [DEBUG] Gym loaded. Resetting scores and hiding scoreboard.
[00:51:55.101] [RUMBLE Tournament Scoring] [RUMBLE Tournament Scoring] ===SCORING===
0(0)-0(0)
[00:51:55.102] [RUMBLE Tournament Scoring] [DEBUG] Scoreboard and tournament scores reset to 0(0)-0(0).
[00:51:55.299] [RumbleHud] RumbleHud: Created Element for player <#090>BIVN.
[00:51:55.560] [CustomAvatars] No custom avatar found for you at C:\Program Files (x86)\Steam\steamapps\common\RUMBLE\UserData\CustomAvatars
[00:51:55.580] [CustomMultiplayerMaps] Loaded FlatLand By UlvakSkillz
[00:51:55.583] [CustomMultiplayerMaps] Loaded The Cliff By SDRAWKCABMIAY
[00:51:55.600] [CustomMultiplayerMaps] Loaded Windy Ravine By gort
[00:51:55.611] [CustomMultiplayerMaps] Loaded Agni Kai By UlvakSkillz
[00:51:55.630] [CustomMultiplayerMaps] Loaded Pro Bending Arena By ERROR
[00:51:55.635] [CustomMultiplayerMaps] Loaded Red vs Blue By UlvakSkillz
[00:51:55.652] [CustomMultiplayerMaps] Loaded Red Woods By CRWND
[00:51:55.770] [CustomMultiplayerMaps] Loaded Sprinkle Donut By SDRAWKCABMIAY
[00:51:55.786] [CustomMultiplayerMaps] Loaded Earth Rumble Arena By wolf
[00:51:55.787] [CustomMultiplayerMaps] Initialized
[00:51:55.794] [MatchInfo] Backing up File 2 -> 3
[00:51:55.795] [MatchInfo] Backing up File 1 -> 2
[00:51:55.796] [MatchInfo] Backing up File MatchInfo.txt -> 1
[00:51:55.800] [MatchInfo] Initialized
[00:51:55.802] [NameBending] Could not find custom name file at "UserData/NameBending/customBentName.json"
[00:51:55.997] [LivEnvironmentHider] MelonPreferences Loaded from UserData/LivEnvironmentHider/config.cfg
[00:51:55.997] [LivEnvironmentHider] MelonPreferences Loaded from UserData/LivEnvironmentHider/config.cfg
[00:51:55.998] [LivEnvironmentHider] MelonPreferences Loaded from UserData/LivEnvironmentHider/config.cfg
[00:51:56.000] [LivEnvironmentHider] Unhandled exception in coroutine. It will not continue executing.
System.NullReferenceException: Object reference not set to an instance of an object.
   at LivEnvironmentHider.LivEnvironmentHider.HideFromLiv()+MoveNext()
   at MelonLoader.Support.MonoEnumeratorWrapper.MoveNext() in D:\a\MelonLoader\MelonLoader\Dependencies\SupportModules\Il2Cpp\MonoEnumeratorWrapper.cs:line 39
[00:51:57.708] [ScriptedLIVCam] Unhandled exception in coroutine. It will not continue executing.
Il2CppInterop.Runtime.Il2CppException: UnityEngine.UnityException: Transform child out of bounds
--- BEGIN IL2CPP STACK TRACE ---
UnityEngine.UnityException: Transform child out of bounds
  at UnityEngine.Transform.GetChild (System.Int32 index) [0x00000] in <00000000000000000000000000000000>:0 
--- END IL2CPP STACK TRACE ---

   at Il2CppInterop.Runtime.Il2CppException.RaiseExceptionIfNecessary(IntPtr returnedException) in /home/runner/work/Il2CppInterop/Il2CppInterop/Il2CppInterop.Runtime/Il2CppException.cs:line 36
   at UnityEngine.Transform.GetChild(Int32 index)
   at ScriptedLIVCam.ScriptedLCMain.setUpAudioListeners()+MoveNext()
   at MelonLoader.Support.MonoEnumeratorWrapper.MoveNext() in D:\a\MelonLoader\MelonLoader\Dependencies\SupportModules\Il2Cpp\MonoEnumeratorWrapper.cs:line 51
[00:52:09.150] [ModUI] Version Check Done.
[00:52:45.308] [Lilly's Skins] trying to skin player
[00:52:45.308] [Lilly's Skins] System.NullReferenceException: Object reference not set to an instance of an object.
   at Skins.Player_Texturing.updateTex(GameObject player, Boolean isLocal)
[00:52:45.311] [DEBUG] Scene loaded: Map1
[00:52:45.312] [DEBUG] Preparing to spawn scoreboard after delay...
[00:52:45.360] [CustomAvatars] No custom avatar found for you at C:\Program Files (x86)\Steam\steamapps\common\RUMBLE\UserData\CustomAvatars
[00:52:45.374] [LivEnvironmentHider] MelonPreferences Loaded from UserData/LivEnvironmentHider/config.cfg
[00:52:45.374] [LivEnvironmentHider] MelonPreferences Loaded from UserData/LivEnvironmentHider/config.cfg
[00:52:45.375] [LivEnvironmentHider] MelonPreferences Loaded from UserData/LivEnvironmentHider/config.cfg
[00:52:45.375] [LivEnvironmentHider] Unhandled exception in coroutine. It will not continue executing.
System.NullReferenceException: Object reference not set to an instance of an object.
   at LivEnvironmentHider.LivEnvironmentHider.HideFromLiv()+MoveNext()
   at MelonLoader.Support.MonoEnumeratorWrapper.MoveNext() in D:\a\MelonLoader\MelonLoader\Dependencies\SupportModules\Il2Cpp\MonoEnumeratorWrapper.cs:line 51
[00:52:45.851] MatchInfoRef get
[00:52:45.861] Children clone start
[00:52:45.861] Children cloned
[00:52:47.429] [ScriptedLIVCam] Unhandled exception in coroutine. It will not continue executing.
Il2CppInterop.Runtime.Il2CppException: UnityEngine.UnityException: Transform child out of bounds
--- BEGIN IL2CPP STACK TRACE ---
UnityEngine.UnityException: Transform child out of bounds
  at UnityEngine.Transform.GetChild (System.Int32 index) [0x00000] in <00000000000000000000000000000000>:0 
--- END IL2CPP STACK TRACE ---

   at Il2CppInterop.Runtime.Il2CppException.RaiseExceptionIfNecessary(IntPtr returnedException) in /home/runner/work/Il2CppInterop/Il2CppInterop/Il2CppInterop.Runtime/Il2CppException.cs:line 36
   at UnityEngine.Transform.GetChild(Int32 index)
   at ScriptedLIVCam.ScriptedLCMain.setUpAudioListeners()+MoveNext()
   at MelonLoader.Support.MonoEnumeratorWrapper.MoveNext() in D:\a\MelonLoader\MelonLoader\Dependencies\SupportModules\Il2Cpp\MonoEnumeratorWrapper.cs:line 51
[00:52:50.400] [RUMBLE Tournament Scoring] [DEBUG] Scoreboard spawned at (12.00, 5.00, 0.00)
